<?xml version="1.0" encoding="utf-8"?><testsuites name="pytest tests"><testsuite name="pytest" errors="0" failures="0" skipped="0" tests="15" time="7.298" timestamp="2026-02-12T13:10:01.607924+00:00" hostname="agent-env-b52e6194-6e97-4567-96e4-47436288a6b2"><testcase classname="backend.tests.test_retroactive_fines.TestRetroactiveFines" name="test_create_fine_without_date_uses_current_date" time="0.590" /><testcase classname="backend.tests.test_retroactive_fines.TestRetroactiveFines" name="test_create_fine_with_retroactive_date" time="0.531" /><testcase classname="backend.tests.test_retroactive_fines.TestRetroactiveFines" name="test_create_fine_with_date_before_fiscal_year_start" time="0.463" /><testcase classname="backend.tests.test_retroactive_fines.TestRetroactiveFines" name="test_create_fine_with_date_exactly_on_fiscal_year_start" time="0.459" /><testcase classname="backend.tests.test_retroactive_fines.TestRetroactiveFines" name="test_create_fine_with_date_day_before_fiscal_year_start" time="0.451" /><testcase classname="backend.tests.test_retroactive_fines.TestRetroactiveFines" name="test_create_fine_with_iso_date_format_with_time" time="0.488" /><testcase classname="backend.tests.test_retroactive_fines.TestRetroactiveFines" name="test_fine_appears_in_correct_fiscal_year_filter" time="0.479" /><testcase classname="backend.tests.test_retroactive_fines.TestRetroactiveFines" name="test_create_fine_with_null_date" time="0.469" /><testcase classname="backend.tests.test_retroactive_fines.TestRetroactiveFines" name="test_create_fine_with_empty_string_date" time="0.436" /><testcase classname="backend.tests.test_retroactive_fines.TestFiscalYearCalculation" name="test_fiscal_year_for_various_dates[2025-01-15-2024/2025]" time="0.474" /><testcase classname="backend.tests.test_retroactive_fines.TestFiscalYearCalculation" name="test_fiscal_year_for_various_dates[2025-07-31-2024/2025]" time="0.505" /><testcase classname="backend.tests.test_retroactive_fines.TestFiscalYearCalculation" name="test_fiscal_year_for_various_dates[2025-08-01-2025/2026]" time="0.447" /><testcase classname="backend.tests.test_retroactive_fines.TestFiscalYearCalculation" name="test_fiscal_year_for_various_dates[2025-12-25-2025/2026]" time="0.433" /><testcase classname="backend.tests.test_retroactive_fines.TestFiscalYearCalculation" name="test_fiscal_year_for_various_dates[2026-03-15-2025/2026]" time="0.434" /><testcase classname="backend.tests.test_retroactive_fines.TestFiscalYearCalculation" name="test_fiscal_year_for_various_dates[2024-02-29-2023/2024]" time="0.415" /></testsuite></testsuites>