<?xml version="1.0" encoding="utf-8"?><testsuites name="pytest tests"><testsuite name="pytest" errors="0" failures="7" skipped="1" tests="10" time="6.875" timestamp="2026-02-18T16:40:28.589671+00:00" hostname="agent-env-e29d1393-4954-4126-bc0d-e81e2cc65d8b"><testcase classname="backend.tests.test_spiess_member_link.TestSpiessUserWithMemberLink" name="test_01_create_spiess_without_member_id" time="0.944"><failure message="AssertionError: Failed to create spiess: {&quot;id&quot;:&quot;b825ef63-c465-4431-8016-056db73b9b12&quot;,&quot;username&quot;:&quot;TEST_spiess_no_member&quot;,&quot;role&quot;:&quot;spiess&quot;,&quot;member_id&quot;:null,&quot;created_at&quot;:&quot;2026-02-18T16:40:29.685262+00:00&quot;}&#10;assert 200 == 201&#10; +  where 200 = &lt;Response [200]&gt;.status_code">backend/tests/test_spiess_member_link.py:61: in test_01_create_spiess_without_member_id
    assert response.status_code == 201, f"Failed to create spiess: {response.text}"
E   AssertionError: Failed to create spiess: {"id":"b825ef63-c465-4431-8016-056db73b9b12","username":"TEST_spiess_no_member","role":"spiess","member_id":null,"created_at":"2026-02-18T16:40:29.685262+00:00"}
E   assert 200 == 201
E    +  where 200 = &lt;Response [200]&gt;.status_code</failure></testcase><testcase classname="backend.tests.test_spiess_member_link.TestSpiessUserWithMemberLink" name="test_02_create_spiess_with_member_id" time="0.634"><failure message="AssertionError: Failed to create spiess with member: {&quot;id&quot;:&quot;71a0d507-b034-403d-bb62-1dea56b8a854&quot;,&quot;username&quot;:&quot;TEST_spiess_with_member&quot;,&quot;role&quot;:&quot;spiess&quot;,&quot;member_id&quot;:&quot;8470c0d7-9ea2-4ece-95b1-a247cb1b17e2&quot;,&quot;created_at&quot;:&quot;2026-02-18T16:40:30.350908+00:00&quot;}&#10;assert 200 == 201&#10; +  where 200 = &lt;Response [200]&gt;.status_code">backend/tests/test_spiess_member_link.py:76: in test_02_create_spiess_with_member_id
    assert response.status_code == 201, f"Failed to create spiess with member: {response.text}"
E   AssertionError: Failed to create spiess with member: {"id":"71a0d507-b034-403d-bb62-1dea56b8a854","username":"TEST_spiess_with_member","role":"spiess","member_id":"8470c0d7-9ea2-4ece-95b1-a247cb1b17e2","created_at":"2026-02-18T16:40:30.350908+00:00"}
E   assert 200 == 201
E    +  where 200 = &lt;Response [200]&gt;.status_code</failure></testcase><testcase classname="backend.tests.test_spiess_member_link.TestSpiessUserWithMemberLink" name="test_03_update_spiess_add_member_id" time="0.529" /><testcase classname="backend.tests.test_spiess_member_link.TestSpiessUserWithMemberLink" name="test_04_spiess_login_returns_member_id" time="0.620"><skipped type="pytest.skip" message="Could not create test user: {&quot;id&quot;:&quot;f16d496c-bb89-49e7-9183-1e707a50d6e7&quot;,&quot;username&quot;:&quot;TEST_spiess_login_test&quot;,&quot;role&quot;:&quot;spiess&quot;,&quot;member_id&quot;:&quot;60e79246-fbba-4e22-bfd3-66056ef810d3&quot;,&quot;created_at&quot;:&quot;2026-02-18T16:40:31.512133+00:00&quot;}">/app/backend/tests/test_spiess_member_link.py:144: Could not create test user: {"id":"f16d496c-bb89-49e7-9183-1e707a50d6e7","username":"TEST_spiess_login_test","role":"spiess","member_id":"60e79246-fbba-4e22-bfd3-66056ef810d3","created_at":"2026-02-18T16:40:31.512133+00:00"}</skipped></testcase><testcase classname="backend.tests.test_spiess_member_link.TestSpiessUserWithMemberLink" name="test_05_spiess_personal_statistics_with_member" time="0.782" /><testcase classname="backend.tests.test_spiess_member_link.TestSpiessUserWithMemberLink" name="test_06_spiess_without_member_personal_statistics" time="0.360"><failure message="AssertionError: Henrik login failed: {&quot;detail&quot;:&quot;Benutzername oder Passwort falsch&quot;}&#10;assert 401 == 200&#10; +  where 401 = &lt;Response [401]&gt;.status_code">backend/tests/test_spiess_member_link.py:195: in test_06_spiess_without_member_personal_statistics
    assert login_res.status_code == 200, f"Henrik login failed: {login_res.text}"
E   AssertionError: Henrik login failed: {"detail":"Benutzername oder Passwort falsch"}
E   assert 401 == 200
E    +  where 401 = &lt;Response [401]&gt;.status_code</failure></testcase><testcase classname="backend.tests.test_spiess_member_link.TestSpiessUserWithMemberLink" name="test_07_spiess_can_access_full_statistics" time="0.995"><failure message="assert 401 == 200&#10; +  where 401 = &lt;Response [401]&gt;.status_code">backend/tests/test_spiess_member_link.py:222: in test_07_spiess_can_access_full_statistics
    assert login_res.status_code == 200
E   assert 401 == 200
E    +  where 401 = &lt;Response [401]&gt;.status_code</failure></testcase><testcase classname="backend.tests.test_spiess_member_link.TestUserManagementMemberDropdown" name="test_01_api_accepts_spiess_with_member_id" time="1.056"><failure message="AssertionError: API should accept member_id for spiess: {&quot;id&quot;:&quot;76558d24-f34d-40a5-9b57-85e31518b6dc&quot;,&quot;username&quot;:&quot;TEST_spiess_api_test&quot;,&quot;role&quot;:&quot;spiess&quot;,&quot;member_id&quot;:&quot;8470c0d7-9ea2-4ece-95b1-a247cb1b17e2&quot;,&quot;created_at&quot;:&quot;2026-02-18T16:40:34.696939+00:00&quot;}&#10;assert 200 == 201&#10; +  where 200 = &lt;Response [200]&gt;.status_code">backend/tests/test_spiess_member_link.py:290: in test_01_api_accepts_spiess_with_member_id
    assert response.status_code == 201, f"API should accept member_id for spiess: {response.text}"
E   AssertionError: API should accept member_id for spiess: {"id":"76558d24-f34d-40a5-9b57-85e31518b6dc","username":"TEST_spiess_api_test","role":"spiess","member_id":"8470c0d7-9ea2-4ece-95b1-a247cb1b17e2","created_at":"2026-02-18T16:40:34.696939+00:00"}
E   assert 200 == 201
E    +  where 200 = &lt;Response [200]&gt;.status_code</failure></testcase><testcase classname="backend.tests.test_spiess_member_link.TestUserManagementMemberDropdown" name="test_02_api_accepts_spiess_without_member_id" time="0.347"><failure message="AssertionError: API should accept spiess without member_id: {&quot;id&quot;:&quot;6f1dd351-8adc-49d1-8b52-2c851dd73e5b&quot;,&quot;username&quot;:&quot;TEST_spiess_no_member_api&quot;,&quot;role&quot;:&quot;spiess&quot;,&quot;member_id&quot;:null,&quot;created_at&quot;:&quot;2026-02-18T16:40:35.062556+00:00&quot;}&#10;assert 200 == 201&#10; +  where 200 = &lt;Response [200]&gt;.status_code">backend/tests/test_spiess_member_link.py:307: in test_02_api_accepts_spiess_without_member_id
    assert response.status_code == 201, f"API should accept spiess without member_id: {response.text}"
E   AssertionError: API should accept spiess without member_id: {"id":"6f1dd351-8adc-49d1-8b52-2c851dd73e5b","username":"TEST_spiess_no_member_api","role":"spiess","member_id":null,"created_at":"2026-02-18T16:40:35.062556+00:00"}
E   assert 200 == 201
E    +  where 200 = &lt;Response [200]&gt;.status_code</failure></testcase><testcase classname="backend.tests.test_spiess_member_link.TestUserManagementMemberDropdown" name="test_03_update_user_with_member_id_for_spiess" time="0.359"><failure message="assert 200 == 201&#10; +  where 200 = &lt;Response [200]&gt;.status_code">backend/tests/test_spiess_member_link.py:324: in test_03_update_user_with_member_id_for_spiess
    assert create_res.status_code == 201
E   assert 200 == 201
E    +  where 200 = &lt;Response [200]&gt;.status_code</failure></testcase></testsuite></testsuites>