<?xml version="1.0" encoding="utf-8"?><testsuites name="pytest tests"><testsuite name="pytest" errors="0" failures="0" skipped="0" tests="10" time="9.385" timestamp="2026-02-18T16:41:07.992709+00:00" hostname="agent-env-e29d1393-4954-4126-bc0d-e81e2cc65d8b"><testcase classname="backend.tests.test_spiess_member_link.TestSpiessUserWithMemberLink" name="test_01_create_spiess_without_member_id" time="0.896" /><testcase classname="backend.tests.test_spiess_member_link.TestSpiessUserWithMemberLink" name="test_02_create_spiess_with_member_id" time="0.775" /><testcase classname="backend.tests.test_spiess_member_link.TestSpiessUserWithMemberLink" name="test_03_update_spiess_add_member_id" time="0.600" /><testcase classname="backend.tests.test_spiess_member_link.TestSpiessUserWithMemberLink" name="test_04_spiess_login_returns_member_id" time="1.177" /><testcase classname="backend.tests.test_spiess_member_link.TestSpiessUserWithMemberLink" name="test_05_spiess_personal_statistics_with_member" time="0.726" /><testcase classname="backend.tests.test_spiess_member_link.TestSpiessUserWithMemberLink" name="test_06_spiess_without_member_personal_statistics" time="0.472" /><testcase classname="backend.tests.test_spiess_member_link.TestSpiessUserWithMemberLink" name="test_07_spiess_can_access_full_statistics" time="1.774" /><testcase classname="backend.tests.test_spiess_member_link.TestUserManagementMemberDropdown" name="test_01_api_accepts_spiess_with_member_id" time="1.154" /><testcase classname="backend.tests.test_spiess_member_link.TestUserManagementMemberDropdown" name="test_02_api_accepts_spiess_without_member_id" time="0.617" /><testcase classname="backend.tests.test_spiess_member_link.TestUserManagementMemberDropdown" name="test_03_update_user_with_member_id_for_spiess" time="1.122" /></testsuite></testsuites>